# JRE version: OpenJDK Runtime Environment (8.0_152-b02) (build 1.8.0_152-release-1024-b02)
# Java VM: OpenJDK 64-Bit Server VM (25.152-b02 mixed mode windows-amd64 compressed oops)
Heap:
 PSYoungGen      total 211456K, used 81619K [0x00000000e0000000, 0x00000000f2400000, 0x0000000100000000)
  eden space 196608K, 33% used [0x00000000e0000000,0x00000000e4138aa0,0x00000000ec000000)
  from space 14848K, 99% used [0x00000000ec000000,0x00000000ece7c298,0x00000000ece80000)
  to   space 21504K, 0% used [0x00000000f0f00000,0x00000000f0f00000,0x00000000f2400000)
 ParOldGen       total 81408K, used 32150K [0x00000000a0000000, 0x00000000a4f80000, 0x00000000e0000000)
  object space 81408K, 39% used [0x00000000a0000000,0x00000000a1f65968,0x00000000a4f80000)
 Metaspace       used 56504K, capacity 58218K, committed 58584K, reserved 1099776K
  class space    used 7694K, capacity 8086K, committed 8192K, reserved 1048576K
GC Heap History (10 events):
Event: 3.008 GC heap before
{Heap before GC invocations=7 (full 1):
 PSYoungGen      total 71680K, used 66560K [0x00000000e0000000, 0x00000000e9600000, 0x0000000100000000)
  eden space 66560K, 100% used [0x00000000e0000000,0x00000000e4100000,0x00000000e4100000)
  from space 5120K, 0% used [0x00000000e4100000,0x00000000e4100000,0x00000000e4600000)
  to   space 10240K, 0% used [0x00000000e8c00000,0x00000000e8c00000,0x00000000e9600000)
 ParOldGen       total 53248K, used 8040K [0x00000000a0000000, 0x00000000a3400000, 0x00000000e0000000)
  object space 53248K, 15% used [0x00000000a0000000,0x00000000a07da150,0x00000000a3400000)
 Metaspace       used 26621K, capacity 27120K, committed 27136K, reserved 1073152K
  class space    used 3680K, capacity 3829K, committed 3840K, reserved 1048576K
Event: 3.028 GC heap after
Heap after GC invocations=7 (full 1):
 PSYoungGen      total 124416K, used 7200K [0x00000000e0000000, 0x00000000e9380000, 0x0000000100000000)
  eden space 116736K, 0% used [0x00000000e0000000,0x00000000e0000000,0x00000000e7200000)
  from space 7680K, 93% used [0x00000000e8c00000,0x00000000e9308248,0x00000000e9380000)
  to   space 9728K, 0% used [0x00000000e8080000,0x00000000e8080000,0x00000000e8a00000)
 ParOldGen       total 53248K, used 8048K [0x00000000a0000000, 0x00000000a3400000, 0x00000000e0000000)
  object space 53248K, 15% used [0x00000000a0000000,0x00000000a07dc150,0x00000000a3400000)
 Metaspace       used 26621K, capacity 27120K, committed 27136K, reserved 1073152K
  class space    used 3680K, capacity 3829K, committed 3840K, reserved 1048576K
}
Event: 4.056 GC heap before
{Heap before GC invocations=8 (full 1):
 PSYoungGen      total 124416K, used 95236K [0x00000000e0000000, 0x00000000e9380000, 0x0000000100000000)
  eden space 116736K, 75% used [0x00000000e0000000,0x00000000e55f8e20,0x00000000e7200000)
  from space 7680K, 93% used [0x00000000e8c00000,0x00000000e9308248,0x00000000e9380000)
  to   space 9728K, 0% used [0x00000000e8080000,0x00000000e8080000,0x00000000e8a00000)
 ParOldGen       total 53248K, used 8048K [0x00000000a0000000, 0x00000000a3400000, 0x00000000e0000000)
  object space 53248K, 15% used [0x00000000a0000000,0x00000000a07dc150,0x00000000a3400000)
 Metaspace       used 34593K, capacity 35182K, committed 35416K, reserved 1079296K
  class space    used 4771K, capacity 4967K, committed 4992K, reserved 1048576K
Event: 4.066 GC heap after
Heap after GC invocations=8 (full 1):
 PSYoungGen      total 141312K, used 9696K [0x00000000e0000000, 0x00000000eda80000, 0x0000000100000000)
  eden space 131584K, 0% used [0x00000000e0000000,0x00000000e0000000,0x00000000e8080000)
  from space 9728K, 99% used [0x00000000e8080000,0x00000000e89f80e0,0x00000000e8a00000)
  to   space 12288K, 0% used [0x00000000ece80000,0x00000000ece80000,0x00000000eda80000)
 ParOldGen       total 53248K, used 10992K [0x00000000a0000000, 0x00000000a3400000, 0x00000000e0000000)
  object space 53248K, 20% used [0x00000000a0000000,0x00000000a0abc310,0x00000000a3400000)
 Metaspace       used 34593K, capacity 35182K, committed 35416K, reserved 1079296K
  class space    used 4771K, capacity 4967K, committed 4992K, reserved 1048576K
}
Event: 4.066 GC heap before
{Heap before GC invocations=9 (full 2):
 PSYoungGen      total 141312K, used 9696K [0x00000000e0000000, 0x00000000eda80000, 0x0000000100000000)
  eden space 131584K, 0% used [0x00000000e0000000,0x00000000e0000000,0x00000000e8080000)
  from space 9728K, 99% used [0x00000000e8080000,0x00000000e89f80e0,0x00000000e8a00000)
  to   space 12288K, 0% used [0x00000000ece80000,0x00000000ece80000,0x00000000eda80000)
 ParOldGen       total 53248K, used 10992K [0x00000000a0000000, 0x00000000a3400000, 0x00000000e0000000)
  object space 53248K, 20% used [0x00000000a0000000,0x00000000a0abc310,0x00000000a3400000)
 Metaspace       used 34593K, capacity 35182K, committed 35416K, reserved 1079296K
  class space    used 4771K, capacity 4967K, committed 4992K, reserved 1048576K
Event: 4.131 GC heap after
Heap after GC invocations=9 (full 2):
 PSYoungGen      total 141312K, used 0K [0x00000000e0000000, 0x00000000eda80000, 0x0000000100000000)
  eden space 131584K, 0% used [0x00000000e0000000,0x00000000e0000000,0x00000000e8080000)
  from space 9728K, 0% used [0x00000000e8080000,0x00000000e8080000,0x00000000e8a00000)
  to   space 12288K, 0% used [0x00000000ece80000,0x00000000ece80000,0x00000000eda80000)
 ParOldGen       total 81408K, used 19003K [0x00000000a0000000, 0x00000000a4f80000, 0x00000000e0000000)
  object space 81408K, 23% used [0x00000000a0000000,0x00000000a128ece0,0x00000000a4f80000)
 Metaspace       used 34593K, capacity 35182K, committed 35416K, reserved 1079296K
  class space    used 4771K, capacity 4967K, committed 4992K, reserved 1048576K
}
Event: 5.587 GC heap before
{Heap before GC invocations=10 (full 2):
 PSYoungGen      total 141312K, used 131584K [0x00000000e0000000, 0x00000000eda80000, 0x0000000100000000)
  eden space 131584K, 100% used [0x00000000e0000000,0x00000000e8080000,0x00000000e8080000)
  from space 9728K, 0% used [0x00000000e8080000,0x00000000e8080000,0x00000000e8a00000)
  to   space 12288K, 0% used [0x00000000ece80000,0x00000000ece80000,0x00000000eda80000)
 ParOldGen       total 81408K, used 19003K [0x00000000a0000000, 0x00000000a4f80000, 0x00000000e0000000)
  object space 81408K, 23% used [0x00000000a0000000,0x00000000a128ece0,0x00000000a4f80000)
 Metaspace       used 42904K, capacity 43802K, committed 44120K, reserved 1087488K
  class space    used 5920K, capacity 6208K, committed 6272K, reserved 1048576K
Event: 5.614 GC heap after
Heap after GC invocations=10 (full 2):
 PSYoungGen      total 208896K, used 12257K [0x00000000e0000000, 0x00000000ee580000, 0x0000000100000000)
  eden space 196608K, 0% used [0x00000000e0000000,0x00000000e0000000,0x00000000ec000000)
  from space 12288K, 99% used [0x00000000ece80000,0x00000000eda78778,0x00000000eda80000)
  to   space 14848K, 0% used [0x00000000ec000000,0x00000000ec000000,0x00000000ece80000)
 ParOldGen       total 81408K, used 20832K [0x00000000a0000000, 0x00000000a4f80000, 0x00000000e0000000)
  object space 81408K, 25% used [0x00000000a0000000,0x00000000a1458220,0x00000000a4f80000)
 Metaspace       used 42904K, capacity 43802K, committed 44120K, reserved 1087488K
  class space    used 5920K, capacity 6208K, committed 6272K, reserved 1048576K
}
Event: 14.038 GC heap before
{Heap before GC invocations=11 (full 2):
 PSYoungGen      total 208896K, used 208865K [0x00000000e0000000, 0x00000000ee580000, 0x0000000100000000)
  eden space 196608K, 100% used [0x00000000e0000000,0x00000000ec000000,0x00000000ec000000)
  from space 12288K, 99% used [0x00000000ece80000,0x00000000eda78778,0x00000000eda80000)
  to   space 14848K, 0% used [0x00000000ec000000,0x00000000ec000000,0x00000000ece80000)
 ParOldGen       total 81408K, used 20832K [0x00000000a0000000, 0x00000000a4f80000, 0x00000000e0000000)
  object space 81408K, 25% used [0x00000000a0000000,0x00000000a1458220,0x00000000a4f80000)
 Metaspace       used 56304K, capacity 57958K, committed 58328K, reserved 1099776K
  class space    used 7676K, capacity 8070K, committed 8192K, reserved 1048576K
Event: 14.075 GC heap after
Heap after GC invocations=11 (full 2):
 PSYoungGen      total 211456K, used 14832K [0x00000000e0000000, 0x00000000f2400000, 0x0000000100000000)
  eden space 196608K, 0% used [0x00000000e0000000,0x00000000e0000000,0x00000000ec000000)
  from space 14848K, 99% used [0x00000000ec000000,0x00000000ece7c298,0x00000000ece80000)
  to   space 21504K, 0% used [0x00000000f0f00000,0x00000000f0f00000,0x00000000f2400000)
 ParOldGen       total 81408K, used 32150K [0x00000000a0000000, 0x00000000a4f80000, 0x00000000e0000000)
  object space 81408K, 39% used [0x00000000a0000000,0x00000000a1f65968,0x00000000a4f80000)
 Metaspace       used 56304K, capacity 57958K, committed 58328K, reserved 1099776K
  class space    used 7676K, capacity 8070K, committed 8192K, reserved 1048576K
}

